<?xml version="1.0" encoding="UTF-8"?>
<Site BuildName="(empty)"
	BuildStamp="20231011-1814-Experimental"
	Name="hopper"
	Generator="ctest-3.10.2"
	CompilerName="/usr/bin/g++"
	CompilerVersion="7.5.0"
	OSName="Linux"
	Hostname="hopper"
	OSRelease="5.19.11-051911-generic"
	OSVersion="#202209231341 SMP PREEMPT_DYNAMIC Fri Sep 23 14:11:03 UTC 2022"
	OSPlatform="x86_64"
	Is64Bits="1"
	VendorString="GenuineIntel"
	VendorID="Intel Corporation"
	FamilyID="6"
	ModelID="183"
	ProcessorCacheSize="36864"
	NumberOfLogicalCPU="32"
	NumberOfPhysicalCPU="24"
	TotalVirtualMemory="2047"
	TotalPhysicalMemory="31838"
	LogicalProcessorsPerPhysical="1"
	ProcessorClockFrequency="2944.57"
	>
	<Testing>
		<StartDateTime>Oct 11 14:14 EDT</StartDateTime>
		<StartTestTime>1697048090</StartTestTime>
		<TestList/>
		<EndDateTime>Oct 11 14:14 EDT</EndDateTime>
		<EndTestTime>1697048090</EndTestTime>
		<ElapsedMinutes>0</ElapsedMinutes>
	</Testing>
</Site>
